<?xml version="1.0" encoding="UTF-8"?>
<!-- Generated by org.testng.reporters.JUnitXMLReporter -->
<testsuite hostname="Alexanders-MBP" ignored="0" name="UI Tests" tests="1" failures="1" timestamp="2020-07-27T22:04:03 BST" time="1.262" errors="0">
  <testcase name="successfulLoginTest" time="0.271" classname="ui_tests.LoginTests">
    <failure type="java.lang.NullPointerException">
      <![CDATA[java.lang.NullPointerException
at page_objects.LoginPage.enterUsername(LoginPage.java:21)
at page_objects.LoginPage.loginUser(LoginPage.java:34)
at ui_tests.LoginTests.successfulLoginTest(LoginTests.java:21)
at java.util.ArrayList.forEach(ArrayList.java:1249)
... Removed 27 stack frames]]>
    </failure>
  </testcase> <!-- successfulLoginTest -->
</testsuite> <!-- UI Tests -->
