<?xml version="1.0" encoding="UTF-8"?>
<testng-results skipped="0" failed="0" ignored="0" total="1" passed="1">
  <reporter-output>
  </reporter-output>
  <suite name="Regression Test Suite" duration-ms="1970" started-at="2020-07-28T21:38:44 BST" finished-at="2020-07-28T21:38:46 BST">
    <groups>
    </groups>
    <test name="UI Tests" duration-ms="1970" started-at="2020-07-28T21:38:44 BST" finished-at="2020-07-28T21:38:46 BST">
      <class name="ui_tests.LoginTests">
        <test-method status="PASS" signature="beforeSuite(java.lang.String, java.lang.String)[pri:0, instance:ui_tests.LoginTests@6c49835d]" name="beforeSuite" is-config="true" duration-ms="3852" started-at="2020-07-28T21:38:40 BST" finished-at="2020-07-28T21:38:44 BST">
          <params>
            <param index="0">
              <value>
                <![CDATA[chrome]]>
              </value>
            </param>
            <param index="1">
              <value>
                <![CDATA[http://localhost:3000]]>
              </value>
            </param>
          </params>
          <reporter-output>
          </reporter-output>
        </test-method> <!-- beforeSuite -->
        <test-method status="PASS" signature="successfulLoginTest(java.lang.String, java.lang.String)[pri:0, instance:ui_tests.LoginTests@6c49835d]" name="successfulLoginTest" duration-ms="1906" started-at="2020-07-28T21:38:44 BST" finished-at="2020-07-28T21:38:46 BST">
          <params>
            <param index="0">
              <value>
                <![CDATA[Katharina_Bernier]]>
              </value>
            </param>
            <param index="1">
              <value>
                <![CDATA[s3cret]]>
              </value>
            </param>
          </params>
          <reporter-output>
          </reporter-output>
        </test-method> <!-- successfulLoginTest -->
        <test-method status="PASS" signature="afterTest()[pri:0, instance:ui_tests.LoginTests@6c49835d]" name="afterTest" is-config="true" duration-ms="0" started-at="2020-07-28T21:38:46 BST" finished-at="2020-07-28T21:38:46 BST">
          <reporter-output>
          </reporter-output>
        </test-method> <!-- afterTest -->
        <test-method status="PASS" signature="afterSuite()[pri:0, instance:ui_tests.LoginTests@6c49835d]" name="afterSuite" is-config="true" duration-ms="215" started-at="2020-07-28T21:38:46 BST" finished-at="2020-07-28T21:38:46 BST">
          <reporter-output>
          </reporter-output>
        </test-method> <!-- afterSuite -->
      </class> <!-- ui_tests.LoginTests -->
    </test> <!-- UI Tests -->
  </suite> <!-- Regression Test Suite -->
</testng-results>
